-- Found external ninja('1.12.1').
-- Configuring x64-osx-rel
-- The C compiler identification is AppleClang 14.0.0.14000029
-- Detecting C compiler ABI info
-- Detecting C compiler ABI info - done
-- Check for working C compiler: /Library/Developer/CommandLineTools/usr/bin/cc - skipped
-- Detecting C compile features
-- Detecting C compile features - done
-- The CXX compiler identification is AppleClang 14.0.0.14000029
-- Detecting CXX compiler ABI info
-- Detecting CXX compiler ABI info - done
-- Check for working CXX compiler: /Library/Developer/CommandLineTools/usr/bin/c++ - skipped
-- Detecting CXX compile features
-- Detecting CXX compile features - done
-- Configuring done (4.8s)
-- Generating done (0.0s)
-- Build files have been written to: /Users/kimdonghyun/Desktop/CJ_boost_asio/vcpkg/buildtrees/detect_compiler/x64-osx-rel

#COMPILER_HASH#5f75c9acc02e05029cedb7eca90c49644cc3a77a
#COMPILER_C_HASH#420120e657f89693e348c3117e8f85b1cbd7f84d
#COMPILER_C_VERSION#14.0.0.14000029
#COMPILER_C_ID#AppleClang
#COMPILER_C_PATH#/Library/Developer/CommandLineTools/usr/bin/cc
#COMPILER_CXX_HASH#420120e657f89693e348c3117e8f85b1cbd7f84d
#COMPILER_CXX_VERSION#14.0.0.14000029
#COMPILER_CXX_ID#AppleClang
#COMPILER_CXX_PATH#/Library/Developer/CommandLineTools/usr/bin/c++
CMake Warning:
  Manually-specified variables were not used by the project:

    BUILD_SHARED_LIBS
    CMAKE_INSTALL_BINDIR
    CMAKE_INSTALL_LIBDIR
    VCPKG_PLATFORM_TOOLSET
    VCPKG_SET_CHARSET_FLAG
    _VCPKG_ROOT_DIR



